2025-10-11 13:39:28 [INFO] Starting automated regression test suite execution
2025-10-11 13:39:29 [ERROR] Phase 4.1 FAILED: Environment self-test failed
2025-10-11 13:39:29 [SUCCESS] Phase 4.2 PASSED: Negative proof testing completed successfully
2025-10-11 13:39:29 [ERROR] Phase 4.3 FAILED: Coverage completeness assessment failed
2025-10-11 13:39:29 [INFO] Executing UVM base functionality tests
2025-10-11 13:39:31 [SUCCESS] UVM Base Functionality PASSED
2025-10-11 13:39:31 [INFO] Executing RTL integration tests
2025-10-11 13:39:34 [SUCCESS] RTL Integration Test PASSED
2025-10-11 13:39:34 [INFO] Generating comprehensive HTML report
